16:06:30 [INFO] Orchestrator started in 0.1ms (device=269940, tags=[])
Google Drive backup called (stub)
16:06:30 [INFO] backup completed: Backup skipped (stub implementation)
Idle task running - low priority background work
16:06:30 [INFO] idle_task completed: Idle work done
Idle task running - low priority background work
16:06:31 [INFO] idle_task completed: Idle work done
Test health check performed
16:06:32 [INFO] random_check completed: System healthy
Idle task running - low priority background work
16:06:32 [INFO] idle_task completed: Idle work done
Idle task running - low priority background work
16:06:33 [INFO] idle_task completed: Idle work done
Idle task running - low priority background work
16:06:34 [INFO] idle_task completed: Idle work done
Idle task running - low priority background work
16:06:35 [INFO] idle_task completed: Idle work done
Idle task running - low priority background work
16:06:36 [INFO] idle_task completed: Idle work done
Idle task running - low priority background work
16:06:37 [INFO] idle_task completed: Idle work done
Idle task running - low priority background work
16:06:38 [INFO] idle_task completed: Idle work done
Idle task running - low priority background work
16:06:39 [INFO] idle_task completed: Idle work done
Idle task running - low priority background work
16:06:40 [INFO] idle_task completed: Idle work done
Idle task running - low priority background work
16:06:41 [INFO] idle_task completed: Idle work done
Idle task running - low priority background work
16:06:42 [INFO] idle_task completed: Idle work done
Idle task running - low priority background work
16:06:43 [INFO] idle_task completed: Idle work done
Idle task running - low priority background work
16:06:44 [INFO] idle_task completed: Idle work done
Idle task running - low priority background work
16:06:45 [INFO] idle_task completed: Idle work done
Idle task running - low priority background work
16:06:46 [INFO] idle_task completed: Idle work done
Idle task running - low priority background work
16:06:47 [INFO] idle_task completed: Idle work done
Idle task running - low priority background work
16:06:48 [INFO] idle_task completed: Idle work done
Idle task running - low priority background work
16:06:49 [INFO] idle_task completed: Idle work done
Idle task running - low priority background work
16:06:50 [INFO] idle_task completed: Idle work done
Idle task running - low priority background work
16:06:51 [INFO] idle_task completed: Idle work done
Idle task running - low priority background work
16:06:52 [INFO] idle_task completed: Idle work done
16:06:52 [INFO] Shutting down...
16:07:22 [INFO] Shutting down...
16:07:26 [INFO] Shutting down...
16:07:37 [INFO] Shutting down...
16:07:46 [INFO] Shutting down...
16:08:01 [INFO] Shutting down...
16:08:50 [INFO] Shutting down...
16:08:52 [INFO] Shutting down...
16:08:56 [INFO] Shutting down...
16:09:02 [INFO] Shutting down...
16:09:52 [INFO] Shutting down...
16:10:11 [INFO] Shutting down...
16:11:03 [INFO] Shutting down...
16:13:13 [INFO] Shutting down...
16:13:44 [INFO] Shutting down...
16:17:28 [INFO] Shutting down...
16:17:35 [INFO] Shutting down...
16:17:53 [INFO] Shutting down...
16:17:59 [INFO] Shutting down...
